<html>
<head>
<title>TestNG:  Default test</title>
<link href="../testng.css" rel="stylesheet" type="text/css" />
<link href="../my-testng.css" rel="stylesheet" type="text/css" />

<style type="text/css">
.log { display: none;} 
.stack-trace { display: none;} 
</style>
<script type="text/javascript">
<!--
function flip(e) {
  current = e.style.display;
  if (current == 'block') {
    e.style.display = 'none';
    return 0;
  }
  else {
    e.style.display = 'block';
    return 1;
  }
}

function toggleBox(szDivId, elem, msg1, msg2)
{
  var res = -1;  if (document.getElementById) {
    res = flip(document.getElementById(szDivId));
  }
  else if (document.all) {
    // this is the way old msie versions work
    res = flip(document.all[szDivId]);
  }
  if(elem) {
    if(res == 0) elem.innerHTML = msg1; else elem.innerHTML = msg2;
  }

}

function toggleAllBoxes() {
  if (document.getElementsByTagName) {
    d = document.getElementsByTagName('div');
    for (i = 0; i < d.length; i++) {
      if (d[i].className == 'log') {
        flip(d[i]);
      }
    }
  }
}

// -->
</script>

</head>
<body>
<h2 align='center'>Default test</h2><table border='1' align="center">
<tr>
<td>Tests passed/Failed/Skipped:</td><td>0/1/2</td>
</tr><tr>
<td>Started on:</td><td>Sun Oct 12 23:47:02 IST 2025</td>
</tr>
<tr><td>Total time:</td><td>210 seconds (210177 ms)</td>
</tr><tr>
<td>Included groups:</td><td></td>
</tr><tr>
<td>Excluded groups:</td><td></td>
</tr>
</table><p/>
<small><i>(Hover the method name to see the test class name)</i></small><p/>
<table width='100%' border='1' class='invocation-failed'>
<tr><td colspan='4' align='center'><b>FAILED TESTS</b></td></tr>
<tr><td><b>Test method</b></td>
<td width="30%"><b>Exception</b></td>
<td width="10%"><b>Time (seconds)</b></td>
<td><b>Instance</b></td>
</tr>
<tr>
<td title='tests.WebTest.testLoginFlow()'><b>testLoginFlow</b><br>Test class: tests.WebTest</td>
<td><div><pre>java.lang.AssertionError: Unexpected exception: element click intercepted: Element &lt;span data-button-content=&quot;true&quot; class=&quot;c1bmcbbj atm_9s_1ulexfb atm_mk_h2mmj6 atm_mj_glywfm dir dir-ltr&quot;&gt;...&lt;/span&gt; is not clickable at point (672, 282). Other element would receive the click: &lt;span class=&quot;t1dqvypu atm_9s_1ulexfb atm_vy_1osqo2v atm_e2_1osqo2v atm_jb_uuw12j atm_2w_1egmwxu atm_k4_idpfg4 atm_uc_kn5pbq atm_2g_1as5f3p atm_k4_kb7nvz_1nos8r atm_uc_yz1f4_csw3t1 atm_k4_idpfg4_csw3t1 atm_tr_kftzq4_csw3t1 dir dir-ltr&quot; style=&quot;background-position: calc((100 - var(--mouse-x, 0)) * 1%) calc((100 - var(--mouse-y, 0)) * 1%);&quot;&gt;&lt;/span&gt;
  (Session info: chrome=140.0.7339.210)
Build info: version: &apos;4.25.0&apos;, revision: &apos;8a8aea2337&apos;
System info: os.name: &apos;Windows 11&apos;, os.arch: &apos;amd64&apos;, os.version: &apos;10.0&apos;, java.version: &apos;22.0.1&apos;
Driver info: org.openqa.selenium.chrome.ChromeDriver
Command: [34fbdb2b1e5a42696f665ccc5ce7503d, clickElement {id=f.164FC0EB5A57EFA6EFFBB72BB4F5478C.d.9D6E77A2CA1502A85DC2B9E79AED4345.e.89}]
Capabilities {acceptInsecureCerts: false, browserName: chrome, browserVersion: 140.0.7339.210, chrome: {chromedriverVersion: 140.0.7339.207 (17230b545fd..., userDataDir: C:\Users\abira\AppData\Loca...}, fedcm:accounts: true, goog:chromeOptions: {debuggerAddress: localhost:58413}, networkConnectionEnabled: false, pageLoadStrategy: normal, platformName: windows, proxy: Proxy(), se:cdp: ws://localhost:58413/devtoo..., se:cdpVersion: 140.0.7339.210, setWindowRect: true, strictFileInteractability: false, timeouts: {implicit: 0, pageLoad: 300000, script: 30000}, unhandledPromptBehavior: dismiss and notify, webauthn:extension:credBlob: true, webauthn:extension:largeBlob: true, webauthn:extension:minPinLength: true, webauthn:extension:prf: true, webauthn:virtualAuthenticators: true}
Element: [[ChromeDriver: chrome on windows (34fbdb2b1e5a42696f665ccc5ce7503d)] -&gt; xpath: //*[text()=&apos;Continue&apos;]]
Session ID: 34fbdb2b1e5a42696f665ccc5ce7503d
	at org.testng.Assert.fail(Assert.java:99)
	at pages.LoginPage.login(LoginPage.java:77)
	at tests.WebTest.testLoginFlow(WebTest.java:18)
	at java.base/jdk.internal.reflect.DirectMethodHandleAccessor.invoke(DirectMethodHandleAccessor.java:103)
	at java.base/java.lang.reflect.Method.invoke(Method.java:580)
	at org.testng.internal.MethodInvocationHelper.invokeMethod(MethodInvocationHelper.java:133)
	at org.testng.internal.TestInvoker.invokeMethod(TestInvoker.java:598)
	at org.testng.internal.TestInvoker.retryFailed(TestInvoker.java:213)
	at org.testng.internal.MethodRunner.runInSequence(MethodRunner.java:58)
	at org.testng.internal.TestInvoker$MethodInvocationAgent.invoke(TestInvoker.java:824)
	at org.testng.internal.TestInvoker.invokeTestMethods(TestInvoker.java:146)
	at org.testng.internal.TestMethodWorker.invokeTestMethods(TestMethodWorker.java:146)
	at org.testng.internal.TestMethodWorker.run(TestMethodWorker.java:128)
	at java.base/java.util.ArrayList.forEach(ArrayList.java:1597)
	at org.testng.TestRunner.privateRun(TestRunner.java:794)
	at org.testng.TestRunner.run(TestRunner.java:596)
	at org.testng.SuiteRunner.runTest(SuiteRunner.java:377)
	at org.testng.SuiteRunner.runSequentially(SuiteRunner.java:371)
	at org.testng.SuiteRunner.privateRun(SuiteRunner.java:332)
	at org.testng.SuiteRunner.run(SuiteRunner.java:276)
	at org.testng.SuiteRunnerWorker.runSuite(SuiteRunnerWorker.java:53)
	at org.testng.SuiteRunnerWorker.run(SuiteRunnerWorker.java:96)
	at org.testng.TestNG.runSuitesSequentially(TestNG.java:1212)
	at org.testng.TestNG.runSuitesLocally(TestNG.java:1134)
	at org.testng.TestNG.runSuites(TestNG.java:1063)
	at org.testng.TestNG.run(TestNG.java:1031)
	at org.testng.remote.AbstractRemoteTestNG.run(AbstractRemoteTestNG.java:115)
	at org.testng.remote.RemoteTestNG.initAndRun(RemoteTestNG.java:293)
	at org.testng.remote.RemoteTestNG.main(RemoteTestNG.java:91)
</pre></div><a href='#' onClick='toggleBox("stack-trace960004592", this, "Click to show all stack frames", "Click to hide stack frames")'>Click to show all stack frames</a>
<div class='stack-trace' id='stack-trace960004592'><pre>java.lang.AssertionError: Unexpected exception: element click intercepted: Element &lt;span data-button-content=&quot;true&quot; class=&quot;c1bmcbbj atm_9s_1ulexfb atm_mk_h2mmj6 atm_mj_glywfm dir dir-ltr&quot;&gt;...&lt;/span&gt; is not clickable at point (672, 282). Other element would receive the click: &lt;span class=&quot;t1dqvypu atm_9s_1ulexfb atm_vy_1osqo2v atm_e2_1osqo2v atm_jb_uuw12j atm_2w_1egmwxu atm_k4_idpfg4 atm_uc_kn5pbq atm_2g_1as5f3p atm_k4_kb7nvz_1nos8r atm_uc_yz1f4_csw3t1 atm_k4_idpfg4_csw3t1 atm_tr_kftzq4_csw3t1 dir dir-ltr&quot; style=&quot;background-position: calc((100 - var(--mouse-x, 0)) * 1%) calc((100 - var(--mouse-y, 0)) * 1%);&quot;&gt;&lt;/span&gt;
  (Session info: chrome=140.0.7339.210)
Build info: version: &apos;4.25.0&apos;, revision: &apos;8a8aea2337&apos;
System info: os.name: &apos;Windows 11&apos;, os.arch: &apos;amd64&apos;, os.version: &apos;10.0&apos;, java.version: &apos;22.0.1&apos;
Driver info: org.openqa.selenium.chrome.ChromeDriver
Command: [34fbdb2b1e5a42696f665ccc5ce7503d, clickElement {id=f.164FC0EB5A57EFA6EFFBB72BB4F5478C.d.9D6E77A2CA1502A85DC2B9E79AED4345.e.89}]
Capabilities {acceptInsecureCerts: false, browserName: chrome, browserVersion: 140.0.7339.210, chrome: {chromedriverVersion: 140.0.7339.207 (17230b545fd..., userDataDir: C:\Users\abira\AppData\Loca...}, fedcm:accounts: true, goog:chromeOptions: {debuggerAddress: localhost:58413}, networkConnectionEnabled: false, pageLoadStrategy: normal, platformName: windows, proxy: Proxy(), se:cdp: ws://localhost:58413/devtoo..., se:cdpVersion: 140.0.7339.210, setWindowRect: true, strictFileInteractability: false, timeouts: {implicit: 0, pageLoad: 300000, script: 30000}, unhandledPromptBehavior: dismiss and notify, webauthn:extension:credBlob: true, webauthn:extension:largeBlob: true, webauthn:extension:minPinLength: true, webauthn:extension:prf: true, webauthn:virtualAuthenticators: true}
Element: [[ChromeDriver: chrome on windows (34fbdb2b1e5a42696f665ccc5ce7503d)] -&gt; xpath: //*[text()=&apos;Continue&apos;]]
Session ID: 34fbdb2b1e5a42696f665ccc5ce7503d
	at org.testng.Assert.fail(Assert.java:99)
	at pages.LoginPage.login(LoginPage.java:77)
	at tests.WebTest.testLoginFlow(WebTest.java:18)
	at java.base/jdk.internal.reflect.DirectMethodHandleAccessor.invoke(DirectMethodHandleAccessor.java:103)
	at java.base/java.lang.reflect.Method.invoke(Method.java:580)
	at org.testng.internal.MethodInvocationHelper.invokeMethod(MethodInvocationHelper.java:133)
	at org.testng.internal.TestInvoker.invokeMethod(TestInvoker.java:598)
	at org.testng.internal.TestInvoker.retryFailed(TestInvoker.java:213)
	at org.testng.internal.MethodRunner.runInSequence(MethodRunner.java:58)
	at org.testng.internal.TestInvoker$MethodInvocationAgent.invoke(TestInvoker.java:824)
	at org.testng.internal.TestInvoker.invokeTestMethods(TestInvoker.java:146)
	at org.testng.internal.TestMethodWorker.invokeTestMethods(TestMethodWorker.java:146)
	at org.testng.internal.TestMethodWorker.run(TestMethodWorker.java:128)
	at java.base/java.util.ArrayList.forEach(ArrayList.java:1597)
	at org.testng.TestRunner.privateRun(TestRunner.java:794)
	at org.testng.TestRunner.run(TestRunner.java:596)
	at org.testng.SuiteRunner.runTest(SuiteRunner.java:377)
	at org.testng.SuiteRunner.runSequentially(SuiteRunner.java:371)
	at org.testng.SuiteRunner.privateRun(SuiteRunner.java:332)
	at org.testng.SuiteRunner.run(SuiteRunner.java:276)
	at org.testng.SuiteRunnerWorker.runSuite(SuiteRunnerWorker.java:53)
	at org.testng.SuiteRunnerWorker.run(SuiteRunnerWorker.java:96)
	at org.testng.TestNG.runSuitesSequentially(TestNG.java:1212)
	at org.testng.TestNG.runSuitesLocally(TestNG.java:1134)
	at org.testng.TestNG.runSuites(TestNG.java:1063)
	at org.testng.TestNG.run(TestNG.java:1031)
	at org.testng.remote.AbstractRemoteTestNG.run(AbstractRemoteTestNG.java:115)
	at org.testng.remote.RemoteTestNG.initAndRun(RemoteTestNG.java:293)
	at org.testng.remote.RemoteTestNG.main(RemoteTestNG.java:91)
</pre></div></td>
<td>102</td>
<td>tests.WebTest@3cebbb30</td></tr>
</table><p>
<table width='100%' border='1' class='invocation-skipped'>
<tr><td colspan='4' align='center'><b>SKIPPED TESTS</b></td></tr>
<tr><td><b>Test method</b></td>
<td width="30%"><b>Exception</b></td>
<td width="10%"><b>Time (seconds)</b></td>
<td><b>Instance</b></td>
</tr>
<tr>
<td title='tests.WebTest.testLoginFlow()'><b>testLoginFlow</b><br>Test class: tests.WebTest</td>
<td><div><pre>java.lang.AssertionError: Unexpected exception: element click intercepted: Element &lt;span data-button-content=&quot;true&quot; class=&quot;c1bmcbbj atm_9s_1ulexfb atm_mk_h2mmj6 atm_mj_glywfm dir dir-ltr&quot;&gt;...&lt;/span&gt; is not clickable at point (672, 282). Other element would receive the click: &lt;span class=&quot;t1dqvypu atm_9s_1ulexfb atm_vy_1osqo2v atm_e2_1osqo2v atm_jb_uuw12j atm_2w_1egmwxu atm_k4_idpfg4 atm_uc_kn5pbq atm_2g_1as5f3p atm_k4_kb7nvz_1nos8r atm_uc_yz1f4_csw3t1 atm_k4_idpfg4_csw3t1 atm_tr_kftzq4_csw3t1 dir dir-ltr&quot; style=&quot;background-position: calc((100 - var(--mouse-x, 0)) * 1%) calc((100 - var(--mouse-y, 0)) * 1%);&quot;&gt;&lt;/span&gt;
  (Session info: chrome=140.0.7339.210)
Build info: version: &apos;4.25.0&apos;, revision: &apos;8a8aea2337&apos;
System info: os.name: &apos;Windows 11&apos;, os.arch: &apos;amd64&apos;, os.version: &apos;10.0&apos;, java.version: &apos;22.0.1&apos;
Driver info: org.openqa.selenium.chrome.ChromeDriver
Command: [5ed676698503c5e25bf050800fe094cb, clickElement {id=f.0C952DBF3DD10A1D8E9D459DA7AB183D.d.A1F1B4BEEF3C8FACD14D48BFB83295FA.e.88}]
Capabilities {acceptInsecureCerts: false, browserName: chrome, browserVersion: 140.0.7339.210, chrome: {chromedriverVersion: 140.0.7339.207 (17230b545fd..., userDataDir: C:\Users\abira\AppData\Loca...}, fedcm:accounts: true, goog:chromeOptions: {debuggerAddress: localhost:54830}, networkConnectionEnabled: false, pageLoadStrategy: normal, platformName: windows, proxy: Proxy(), se:cdp: ws://localhost:54830/devtoo..., se:cdpVersion: 140.0.7339.210, setWindowRect: true, strictFileInteractability: false, timeouts: {implicit: 0, pageLoad: 300000, script: 30000}, unhandledPromptBehavior: dismiss and notify, webauthn:extension:credBlob: true, webauthn:extension:largeBlob: true, webauthn:extension:minPinLength: true, webauthn:extension:prf: true, webauthn:virtualAuthenticators: true}
Element: [[ChromeDriver: chrome on windows (5ed676698503c5e25bf050800fe094cb)] -&gt; xpath: //*[text()=&apos;Continue&apos;]]
Session ID: 5ed676698503c5e25bf050800fe094cb
	at org.testng.Assert.fail(Assert.java:99)
	at pages.LoginPage.login(LoginPage.java:77)
	at tests.WebTest.testLoginFlow(WebTest.java:18)
	at java.base/jdk.internal.reflect.DirectMethodHandleAccessor.invoke(DirectMethodHandleAccessor.java:103)
	at java.base/java.lang.reflect.Method.invoke(Method.java:580)
	at org.testng.internal.MethodInvocationHelper.invokeMethod(MethodInvocationHelper.java:133)
	at org.testng.internal.TestInvoker.invokeMethod(TestInvoker.java:598)
	at org.testng.internal.TestInvoker.retryFailed(TestInvoker.java:213)
	at org.testng.internal.MethodRunner.runInSequence(MethodRunner.java:58)
	at org.testng.internal.TestInvoker$MethodInvocationAgent.invoke(TestInvoker.java:824)
	at org.testng.internal.TestInvoker.invokeTestMethods(TestInvoker.java:146)
	at org.testng.internal.TestMethodWorker.invokeTestMethods(TestMethodWorker.java:146)
	at org.testng.internal.TestMethodWorker.run(TestMethodWorker.java:128)
	at java.base/java.util.ArrayList.forEach(ArrayList.java:1597)
	at org.testng.TestRunner.privateRun(TestRunner.java:794)
	at org.testng.TestRunner.run(TestRunner.java:596)
	at org.testng.SuiteRunner.runTest(SuiteRunner.java:377)
	at org.testng.SuiteRunner.runSequentially(SuiteRunner.java:371)
	at org.testng.SuiteRunner.privateRun(SuiteRunner.java:332)
	at org.testng.SuiteRunner.run(SuiteRunner.java:276)
	at org.testng.SuiteRunnerWorker.runSuite(SuiteRunnerWorker.java:53)
	at org.testng.SuiteRunnerWorker.run(SuiteRunnerWorker.java:96)
	at org.testng.TestNG.runSuitesSequentially(TestNG.java:1212)
	at org.testng.TestNG.runSuitesLocally(TestNG.java:1134)
	at org.testng.TestNG.runSuites(TestNG.java:1063)
	at org.testng.TestNG.run(TestNG.java:1031)
	at org.testng.remote.AbstractRemoteTestNG.run(AbstractRemoteTestNG.java:115)
	at org.testng.remote.RemoteTestNG.initAndRun(RemoteTestNG.java:293)
	at org.testng.remote.RemoteTestNG.main(RemoteTestNG.java:91)
</pre></div><a href='#' onClick='toggleBox("stack-trace936380963", this, "Click to show all stack frames", "Click to hide stack frames")'>Click to show all stack frames</a>
<div class='stack-trace' id='stack-trace936380963'><pre>java.lang.AssertionError: Unexpected exception: element click intercepted: Element &lt;span data-button-content=&quot;true&quot; class=&quot;c1bmcbbj atm_9s_1ulexfb atm_mk_h2mmj6 atm_mj_glywfm dir dir-ltr&quot;&gt;...&lt;/span&gt; is not clickable at point (672, 282). Other element would receive the click: &lt;span class=&quot;t1dqvypu atm_9s_1ulexfb atm_vy_1osqo2v atm_e2_1osqo2v atm_jb_uuw12j atm_2w_1egmwxu atm_k4_idpfg4 atm_uc_kn5pbq atm_2g_1as5f3p atm_k4_kb7nvz_1nos8r atm_uc_yz1f4_csw3t1 atm_k4_idpfg4_csw3t1 atm_tr_kftzq4_csw3t1 dir dir-ltr&quot; style=&quot;background-position: calc((100 - var(--mouse-x, 0)) * 1%) calc((100 - var(--mouse-y, 0)) * 1%);&quot;&gt;&lt;/span&gt;
  (Session info: chrome=140.0.7339.210)
Build info: version: &apos;4.25.0&apos;, revision: &apos;8a8aea2337&apos;
System info: os.name: &apos;Windows 11&apos;, os.arch: &apos;amd64&apos;, os.version: &apos;10.0&apos;, java.version: &apos;22.0.1&apos;
Driver info: org.openqa.selenium.chrome.ChromeDriver
Command: [5ed676698503c5e25bf050800fe094cb, clickElement {id=f.0C952DBF3DD10A1D8E9D459DA7AB183D.d.A1F1B4BEEF3C8FACD14D48BFB83295FA.e.88}]
Capabilities {acceptInsecureCerts: false, browserName: chrome, browserVersion: 140.0.7339.210, chrome: {chromedriverVersion: 140.0.7339.207 (17230b545fd..., userDataDir: C:\Users\abira\AppData\Loca...}, fedcm:accounts: true, goog:chromeOptions: {debuggerAddress: localhost:54830}, networkConnectionEnabled: false, pageLoadStrategy: normal, platformName: windows, proxy: Proxy(), se:cdp: ws://localhost:54830/devtoo..., se:cdpVersion: 140.0.7339.210, setWindowRect: true, strictFileInteractability: false, timeouts: {implicit: 0, pageLoad: 300000, script: 30000}, unhandledPromptBehavior: dismiss and notify, webauthn:extension:credBlob: true, webauthn:extension:largeBlob: true, webauthn:extension:minPinLength: true, webauthn:extension:prf: true, webauthn:virtualAuthenticators: true}
Element: [[ChromeDriver: chrome on windows (5ed676698503c5e25bf050800fe094cb)] -&gt; xpath: //*[text()=&apos;Continue&apos;]]
Session ID: 5ed676698503c5e25bf050800fe094cb
	at org.testng.Assert.fail(Assert.java:99)
	at pages.LoginPage.login(LoginPage.java:77)
	at tests.WebTest.testLoginFlow(WebTest.java:18)
	at java.base/jdk.internal.reflect.DirectMethodHandleAccessor.invoke(DirectMethodHandleAccessor.java:103)
	at java.base/java.lang.reflect.Method.invoke(Method.java:580)
	at org.testng.internal.MethodInvocationHelper.invokeMethod(MethodInvocationHelper.java:133)
	at org.testng.internal.TestInvoker.invokeMethod(TestInvoker.java:598)
	at org.testng.internal.TestInvoker.retryFailed(TestInvoker.java:213)
	at org.testng.internal.MethodRunner.runInSequence(MethodRunner.java:58)
	at org.testng.internal.TestInvoker$MethodInvocationAgent.invoke(TestInvoker.java:824)
	at org.testng.internal.TestInvoker.invokeTestMethods(TestInvoker.java:146)
	at org.testng.internal.TestMethodWorker.invokeTestMethods(TestMethodWorker.java:146)
	at org.testng.internal.TestMethodWorker.run(TestMethodWorker.java:128)
	at java.base/java.util.ArrayList.forEach(ArrayList.java:1597)
	at org.testng.TestRunner.privateRun(TestRunner.java:794)
	at org.testng.TestRunner.run(TestRunner.java:596)
	at org.testng.SuiteRunner.runTest(SuiteRunner.java:377)
	at org.testng.SuiteRunner.runSequentially(SuiteRunner.java:371)
	at org.testng.SuiteRunner.privateRun(SuiteRunner.java:332)
	at org.testng.SuiteRunner.run(SuiteRunner.java:276)
	at org.testng.SuiteRunnerWorker.runSuite(SuiteRunnerWorker.java:53)
	at org.testng.SuiteRunnerWorker.run(SuiteRunnerWorker.java:96)
	at org.testng.TestNG.runSuitesSequentially(TestNG.java:1212)
	at org.testng.TestNG.runSuitesLocally(TestNG.java:1134)
	at org.testng.TestNG.runSuites(TestNG.java:1063)
	at org.testng.TestNG.run(TestNG.java:1031)
	at org.testng.remote.AbstractRemoteTestNG.run(AbstractRemoteTestNG.java:115)
	at org.testng.remote.RemoteTestNG.initAndRun(RemoteTestNG.java:293)
	at org.testng.remote.RemoteTestNG.main(RemoteTestNG.java:91)
</pre></div></td>
<td>23</td>
<td>tests.WebTest@3cebbb30</td></tr>
<tr>
<td title='tests.WebTest.testLoginFlow()'><b>testLoginFlow</b><br>Test class: tests.WebTest</td>
<td><div><pre>java.lang.AssertionError: Unexpected exception: element click intercepted: Element &lt;span data-button-content=&quot;true&quot; class=&quot;c1bmcbbj atm_9s_1ulexfb atm_mk_h2mmj6 atm_mj_glywfm dir dir-ltr&quot;&gt;...&lt;/span&gt; is not clickable at point (672, 282). Other element would receive the click: &lt;span class=&quot;t1dqvypu atm_9s_1ulexfb atm_vy_1osqo2v atm_e2_1osqo2v atm_jb_uuw12j atm_2w_1egmwxu atm_k4_idpfg4 atm_uc_kn5pbq atm_2g_1as5f3p atm_k4_kb7nvz_1nos8r atm_uc_yz1f4_csw3t1 atm_k4_idpfg4_csw3t1 atm_tr_kftzq4_csw3t1 dir dir-ltr&quot; style=&quot;background-position: calc((100 - var(--mouse-x, 0)) * 1%) calc((100 - var(--mouse-y, 0)) * 1%);&quot;&gt;&lt;/span&gt;
  (Session info: chrome=140.0.7339.210)
Build info: version: &apos;4.25.0&apos;, revision: &apos;8a8aea2337&apos;
System info: os.name: &apos;Windows 11&apos;, os.arch: &apos;amd64&apos;, os.version: &apos;10.0&apos;, java.version: &apos;22.0.1&apos;
Driver info: org.openqa.selenium.chrome.ChromeDriver
Command: [e123af0f786b7f3c68bd0136da97645c, clickElement {id=f.F6576B354E6BA85F099644E88A3FAB32.d.99874CC03D48580AE793D4E478C71DFE.e.97}]
Capabilities {acceptInsecureCerts: false, browserName: chrome, browserVersion: 140.0.7339.210, chrome: {chromedriverVersion: 140.0.7339.207 (17230b545fd..., userDataDir: C:\Users\abira\AppData\Loca...}, fedcm:accounts: true, goog:chromeOptions: {debuggerAddress: localhost:63060}, networkConnectionEnabled: false, pageLoadStrategy: normal, platformName: windows, proxy: Proxy(), se:cdp: ws://localhost:63060/devtoo..., se:cdpVersion: 140.0.7339.210, setWindowRect: true, strictFileInteractability: false, timeouts: {implicit: 0, pageLoad: 300000, script: 30000}, unhandledPromptBehavior: dismiss and notify, webauthn:extension:credBlob: true, webauthn:extension:largeBlob: true, webauthn:extension:minPinLength: true, webauthn:extension:prf: true, webauthn:virtualAuthenticators: true}
Element: [[ChromeDriver: chrome on windows (e123af0f786b7f3c68bd0136da97645c)] -&gt; xpath: //*[text()=&apos;Continue&apos;]]
Session ID: e123af0f786b7f3c68bd0136da97645c
	at org.testng.Assert.fail(Assert.java:99)
	at pages.LoginPage.login(LoginPage.java:77)
	at tests.WebTest.testLoginFlow(WebTest.java:18)
	at java.base/jdk.internal.reflect.DirectMethodHandleAccessor.invoke(DirectMethodHandleAccessor.java:103)
	at java.base/java.lang.reflect.Method.invoke(Method.java:580)
	at org.testng.internal.MethodInvocationHelper.invokeMethod(MethodInvocationHelper.java:133)
	at org.testng.internal.TestInvoker.invokeMethod(TestInvoker.java:598)
	at org.testng.internal.TestInvoker.invokeTestMethod(TestInvoker.java:173)
	at org.testng.internal.MethodRunner.runInSequence(MethodRunner.java:46)
	at org.testng.internal.TestInvoker$MethodInvocationAgent.invoke(TestInvoker.java:824)
	at org.testng.internal.TestInvoker.invokeTestMethods(TestInvoker.java:146)
	at org.testng.internal.TestMethodWorker.invokeTestMethods(TestMethodWorker.java:146)
	at org.testng.internal.TestMethodWorker.run(TestMethodWorker.java:128)
	at java.base/java.util.ArrayList.forEach(ArrayList.java:1597)
	at org.testng.TestRunner.privateRun(TestRunner.java:794)
	at org.testng.TestRunner.run(TestRunner.java:596)
	at org.testng.SuiteRunner.runTest(SuiteRunner.java:377)
	at org.testng.SuiteRunner.runSequentially(SuiteRunner.java:371)
	at org.testng.SuiteRunner.privateRun(SuiteRunner.java:332)
	at org.testng.SuiteRunner.run(SuiteRunner.java:276)
	at org.testng.SuiteRunnerWorker.runSuite(SuiteRunnerWorker.java:53)
	at org.testng.SuiteRunnerWorker.run(SuiteRunnerWorker.java:96)
	at org.testng.TestNG.runSuitesSequentially(TestNG.java:1212)
	at org.testng.TestNG.runSuitesLocally(TestNG.java:1134)
	at org.testng.TestNG.runSuites(TestNG.java:1063)
	at org.testng.TestNG.run(TestNG.java:1031)
	at org.testng.remote.AbstractRemoteTestNG.run(AbstractRemoteTestNG.java:115)
	at org.testng.remote.RemoteTestNG.initAndRun(RemoteTestNG.java:293)
	at org.testng.remote.RemoteTestNG.main(RemoteTestNG.java:91)
</pre></div><a href='#' onClick='toggleBox("stack-trace234223040", this, "Click to show all stack frames", "Click to hide stack frames")'>Click to show all stack frames</a>
<div class='stack-trace' id='stack-trace234223040'><pre>java.lang.AssertionError: Unexpected exception: element click intercepted: Element &lt;span data-button-content=&quot;true&quot; class=&quot;c1bmcbbj atm_9s_1ulexfb atm_mk_h2mmj6 atm_mj_glywfm dir dir-ltr&quot;&gt;...&lt;/span&gt; is not clickable at point (672, 282). Other element would receive the click: &lt;span class=&quot;t1dqvypu atm_9s_1ulexfb atm_vy_1osqo2v atm_e2_1osqo2v atm_jb_uuw12j atm_2w_1egmwxu atm_k4_idpfg4 atm_uc_kn5pbq atm_2g_1as5f3p atm_k4_kb7nvz_1nos8r atm_uc_yz1f4_csw3t1 atm_k4_idpfg4_csw3t1 atm_tr_kftzq4_csw3t1 dir dir-ltr&quot; style=&quot;background-position: calc((100 - var(--mouse-x, 0)) * 1%) calc((100 - var(--mouse-y, 0)) * 1%);&quot;&gt;&lt;/span&gt;
  (Session info: chrome=140.0.7339.210)
Build info: version: &apos;4.25.0&apos;, revision: &apos;8a8aea2337&apos;
System info: os.name: &apos;Windows 11&apos;, os.arch: &apos;amd64&apos;, os.version: &apos;10.0&apos;, java.version: &apos;22.0.1&apos;
Driver info: org.openqa.selenium.chrome.ChromeDriver
Command: [e123af0f786b7f3c68bd0136da97645c, clickElement {id=f.F6576B354E6BA85F099644E88A3FAB32.d.99874CC03D48580AE793D4E478C71DFE.e.97}]
Capabilities {acceptInsecureCerts: false, browserName: chrome, browserVersion: 140.0.7339.210, chrome: {chromedriverVersion: 140.0.7339.207 (17230b545fd..., userDataDir: C:\Users\abira\AppData\Loca...}, fedcm:accounts: true, goog:chromeOptions: {debuggerAddress: localhost:63060}, networkConnectionEnabled: false, pageLoadStrategy: normal, platformName: windows, proxy: Proxy(), se:cdp: ws://localhost:63060/devtoo..., se:cdpVersion: 140.0.7339.210, setWindowRect: true, strictFileInteractability: false, timeouts: {implicit: 0, pageLoad: 300000, script: 30000}, unhandledPromptBehavior: dismiss and notify, webauthn:extension:credBlob: true, webauthn:extension:largeBlob: true, webauthn:extension:minPinLength: true, webauthn:extension:prf: true, webauthn:virtualAuthenticators: true}
Element: [[ChromeDriver: chrome on windows (e123af0f786b7f3c68bd0136da97645c)] -&gt; xpath: //*[text()=&apos;Continue&apos;]]
Session ID: e123af0f786b7f3c68bd0136da97645c
	at org.testng.Assert.fail(Assert.java:99)
	at pages.LoginPage.login(LoginPage.java:77)
	at tests.WebTest.testLoginFlow(WebTest.java:18)
	at java.base/jdk.internal.reflect.DirectMethodHandleAccessor.invoke(DirectMethodHandleAccessor.java:103)
	at java.base/java.lang.reflect.Method.invoke(Method.java:580)
	at org.testng.internal.MethodInvocationHelper.invokeMethod(MethodInvocationHelper.java:133)
	at org.testng.internal.TestInvoker.invokeMethod(TestInvoker.java:598)
	at org.testng.internal.TestInvoker.invokeTestMethod(TestInvoker.java:173)
	at org.testng.internal.MethodRunner.runInSequence(MethodRunner.java:46)
	at org.testng.internal.TestInvoker$MethodInvocationAgent.invoke(TestInvoker.java:824)
	at org.testng.internal.TestInvoker.invokeTestMethods(TestInvoker.java:146)
	at org.testng.internal.TestMethodWorker.invokeTestMethods(TestMethodWorker.java:146)
	at org.testng.internal.TestMethodWorker.run(TestMethodWorker.java:128)
	at java.base/java.util.ArrayList.forEach(ArrayList.java:1597)
	at org.testng.TestRunner.privateRun(TestRunner.java:794)
	at org.testng.TestRunner.run(TestRunner.java:596)
	at org.testng.SuiteRunner.runTest(SuiteRunner.java:377)
	at org.testng.SuiteRunner.runSequentially(SuiteRunner.java:371)
	at org.testng.SuiteRunner.privateRun(SuiteRunner.java:332)
	at org.testng.SuiteRunner.run(SuiteRunner.java:276)
	at org.testng.SuiteRunnerWorker.runSuite(SuiteRunnerWorker.java:53)
	at org.testng.SuiteRunnerWorker.run(SuiteRunnerWorker.java:96)
	at org.testng.TestNG.runSuitesSequentially(TestNG.java:1212)
	at org.testng.TestNG.runSuitesLocally(TestNG.java:1134)
	at org.testng.TestNG.runSuites(TestNG.java:1063)
	at org.testng.TestNG.run(TestNG.java:1031)
	at org.testng.remote.AbstractRemoteTestNG.run(AbstractRemoteTestNG.java:115)
	at org.testng.remote.RemoteTestNG.initAndRun(RemoteTestNG.java:293)
	at org.testng.remote.RemoteTestNG.main(RemoteTestNG.java:91)
</pre></div></td>
<td>18</td>
<td>tests.WebTest@3cebbb30</td></tr>
</table><p>
</body>
</html>