<?xml version="1.0" encoding="UTF-8"?>
<testng-results retried="2" ignored="0" total="3" passed="0" failed="1" skipped="0">
  <reporter-output>
  </reporter-output>
  <suite started-at="2025-10-12T23:47:02 IST" name="Default suite" finished-at="2025-10-12T23:50:32 IST" duration-ms="210177">
    <groups>
    </groups>
    <test started-at="2025-10-12T23:47:02 IST" name="Default test" finished-at="2025-10-12T23:50:32 IST" duration-ms="210177">
      <class name="tests.WebTest">
        <test-method is-config="true" signature="setup()[pri:0, instance:tests.WebTest@3cebbb30]" started-at="2025-10-12T23:47:02 IST" name="setup" finished-at="2025-10-12T23:47:11 IST" duration-ms="9726" status="PASS">
          <reporter-output>
          </reporter-output>
        </test-method> <!-- setup -->
        <test-method retried="true" signature="testLoginFlow()[pri:0, instance:tests.WebTest@3cebbb30]" started-at="2025-10-12T23:47:11 IST" name="testLoginFlow" finished-at="2025-10-12T23:47:29 IST" duration-ms="18123" status="SKIP">
          <exception class="java.lang.AssertionError">
            <message>
              <![CDATA[Unexpected exception: element click intercepted: Element <span data-button-content="true" class="c1bmcbbj atm_9s_1ulexfb atm_mk_h2mmj6 atm_mj_glywfm dir dir-ltr">...</span> is not clickable at point (672, 282). Other element would receive the click: <span class="t1dqvypu atm_9s_1ulexfb atm_vy_1osqo2v atm_e2_1osqo2v atm_jb_uuw12j atm_2w_1egmwxu atm_k4_idpfg4 atm_uc_kn5pbq atm_2g_1as5f3p atm_k4_kb7nvz_1nos8r atm_uc_yz1f4_csw3t1 atm_k4_idpfg4_csw3t1 atm_tr_kftzq4_csw3t1 dir dir-ltr" style="background-position: calc((100 - var(--mouse-x, 0)) * 1%) calc((100 - var(--mouse-y, 0)) * 1%);"></span>
  (Session info: chrome=140.0.7339.210)
Build info: version: '4.25.0', revision: '8a8aea2337'
System info: os.name: 'Windows 11', os.arch: 'amd64', os.version: '10.0', java.version: '22.0.1'
Driver info: org.openqa.selenium.chrome.ChromeDriver
Command: [e123af0f786b7f3c68bd0136da97645c, clickElement {id=f.F6576B354E6BA85F099644E88A3FAB32.d.99874CC03D48580AE793D4E478C71DFE.e.97}]
Capabilities {acceptInsecureCerts: false, browserName: chrome, browserVersion: 140.0.7339.210, chrome: {chromedriverVersion: 140.0.7339.207 (17230b545fd..., userDataDir: C:\Users\abira\AppData\Loca...}, fedcm:accounts: true, goog:chromeOptions: {debuggerAddress: localhost:63060}, networkConnectionEnabled: false, pageLoadStrategy: normal, platformName: windows, proxy: Proxy(), se:cdp: ws://localhost:63060/devtoo..., se:cdpVersion: 140.0.7339.210, setWindowRect: true, strictFileInteractability: false, timeouts: {implicit: 0, pageLoad: 300000, script: 30000}, unhandledPromptBehavior: dismiss and notify, webauthn:extension:credBlob: true, webauthn:extension:largeBlob: true, webauthn:extension:minPinLength: true, webauthn:extension:prf: true, webauthn:virtualAuthenticators: true}
Element: [[ChromeDriver: chrome on windows (e123af0f786b7f3c68bd0136da97645c)] -> xpath: //*[text()='Continue']]
Session ID: e123af0f786b7f3c68bd0136da97645c]]>
            </message>
            <full-stacktrace>
              <![CDATA[java.lang.AssertionError: Unexpected exception: element click intercepted: Element <span data-button-content="true" class="c1bmcbbj atm_9s_1ulexfb atm_mk_h2mmj6 atm_mj_glywfm dir dir-ltr">...</span> is not clickable at point (672, 282). Other element would receive the click: <span class="t1dqvypu atm_9s_1ulexfb atm_vy_1osqo2v atm_e2_1osqo2v atm_jb_uuw12j atm_2w_1egmwxu atm_k4_idpfg4 atm_uc_kn5pbq atm_2g_1as5f3p atm_k4_kb7nvz_1nos8r atm_uc_yz1f4_csw3t1 atm_k4_idpfg4_csw3t1 atm_tr_kftzq4_csw3t1 dir dir-ltr" style="background-position: calc((100 - var(--mouse-x, 0)) * 1%) calc((100 - var(--mouse-y, 0)) * 1%);"></span>
  (Session info: chrome=140.0.7339.210)
Build info: version: '4.25.0', revision: '8a8aea2337'
System info: os.name: 'Windows 11', os.arch: 'amd64', os.version: '10.0', java.version: '22.0.1'
Driver info: org.openqa.selenium.chrome.ChromeDriver
Command: [e123af0f786b7f3c68bd0136da97645c, clickElement {id=f.F6576B354E6BA85F099644E88A3FAB32.d.99874CC03D48580AE793D4E478C71DFE.e.97}]
Capabilities {acceptInsecureCerts: false, browserName: chrome, browserVersion: 140.0.7339.210, chrome: {chromedriverVersion: 140.0.7339.207 (17230b545fd..., userDataDir: C:\Users\abira\AppData\Loca...}, fedcm:accounts: true, goog:chromeOptions: {debuggerAddress: localhost:63060}, networkConnectionEnabled: false, pageLoadStrategy: normal, platformName: windows, proxy: Proxy(), se:cdp: ws://localhost:63060/devtoo..., se:cdpVersion: 140.0.7339.210, setWindowRect: true, strictFileInteractability: false, timeouts: {implicit: 0, pageLoad: 300000, script: 30000}, unhandledPromptBehavior: dismiss and notify, webauthn:extension:credBlob: true, webauthn:extension:largeBlob: true, webauthn:extension:minPinLength: true, webauthn:extension:prf: true, webauthn:virtualAuthenticators: true}
Element: [[ChromeDriver: chrome on windows (e123af0f786b7f3c68bd0136da97645c)] -> xpath: //*[text()='Continue']]
Session ID: e123af0f786b7f3c68bd0136da97645c
at org.testng.Assert.fail(Assert.java:99)
at pages.LoginPage.login(LoginPage.java:77)
at tests.WebTest.testLoginFlow(WebTest.java:18)
at java.base/jdk.internal.reflect.DirectMethodHandleAccessor.invoke(DirectMethodHandleAccessor.java:103)
at java.base/java.lang.reflect.Method.invoke(Method.java:580)
at org.testng.internal.MethodInvocationHelper.invokeMethod(MethodInvocationHelper.java:133)
at org.testng.internal.TestInvoker.invokeMethod(TestInvoker.java:598)
at org.testng.internal.TestInvoker.invokeTestMethod(TestInvoker.java:173)
at org.testng.internal.MethodRunner.runInSequence(MethodRunner.java:46)
at org.testng.internal.TestInvoker$MethodInvocationAgent.invoke(TestInvoker.java:824)
at org.testng.internal.TestInvoker.invokeTestMethods(TestInvoker.java:146)
at org.testng.internal.TestMethodWorker.invokeTestMethods(TestMethodWorker.java:146)
at org.testng.internal.TestMethodWorker.run(TestMethodWorker.java:128)
at java.base/java.util.ArrayList.forEach(ArrayList.java:1597)
at org.testng.TestRunner.privateRun(TestRunner.java:794)
at org.testng.TestRunner.run(TestRunner.java:596)
at org.testng.SuiteRunner.runTest(SuiteRunner.java:377)
at org.testng.SuiteRunner.runSequentially(SuiteRunner.java:371)
at org.testng.SuiteRunner.privateRun(SuiteRunner.java:332)
at org.testng.SuiteRunner.run(SuiteRunner.java:276)
at org.testng.SuiteRunnerWorker.runSuite(SuiteRunnerWorker.java:53)
at org.testng.SuiteRunnerWorker.run(SuiteRunnerWorker.java:96)
at org.testng.TestNG.runSuitesSequentially(TestNG.java:1212)
at org.testng.TestNG.runSuitesLocally(TestNG.java:1134)
at org.testng.TestNG.runSuites(TestNG.java:1063)
at org.testng.TestNG.run(TestNG.java:1031)
at org.testng.remote.AbstractRemoteTestNG.run(AbstractRemoteTestNG.java:115)
at org.testng.remote.RemoteTestNG.initAndRun(RemoteTestNG.java:293)
at org.testng.remote.RemoteTestNG.main(RemoteTestNG.java:91)
]]>
            </full-stacktrace>
          </exception> <!-- java.lang.AssertionError -->
          <reporter-output>
          </reporter-output>
        </test-method> <!-- testLoginFlow -->
        <test-method is-config="true" signature="setup()[pri:0, instance:tests.WebTest@3cebbb30]" started-at="2025-10-12T23:47:29 IST" name="setup" finished-at="2025-10-12T23:47:46 IST" duration-ms="16602" status="PASS">
          <reporter-output>
          </reporter-output>
        </test-method> <!-- setup -->
        <test-method retried="true" signature="testLoginFlow()[pri:0, instance:tests.WebTest@3cebbb30]" started-at="2025-10-12T23:47:46 IST" name="testLoginFlow" finished-at="2025-10-12T23:48:10 IST" duration-ms="23540" status="SKIP">
          <exception class="java.lang.AssertionError">
            <message>
              <![CDATA[Unexpected exception: element click intercepted: Element <span data-button-content="true" class="c1bmcbbj atm_9s_1ulexfb atm_mk_h2mmj6 atm_mj_glywfm dir dir-ltr">...</span> is not clickable at point (672, 282). Other element would receive the click: <span class="t1dqvypu atm_9s_1ulexfb atm_vy_1osqo2v atm_e2_1osqo2v atm_jb_uuw12j atm_2w_1egmwxu atm_k4_idpfg4 atm_uc_kn5pbq atm_2g_1as5f3p atm_k4_kb7nvz_1nos8r atm_uc_yz1f4_csw3t1 atm_k4_idpfg4_csw3t1 atm_tr_kftzq4_csw3t1 dir dir-ltr" style="background-position: calc((100 - var(--mouse-x, 0)) * 1%) calc((100 - var(--mouse-y, 0)) * 1%);"></span>
  (Session info: chrome=140.0.7339.210)
Build info: version: '4.25.0', revision: '8a8aea2337'
System info: os.name: 'Windows 11', os.arch: 'amd64', os.version: '10.0', java.version: '22.0.1'
Driver info: org.openqa.selenium.chrome.ChromeDriver
Command: [5ed676698503c5e25bf050800fe094cb, clickElement {id=f.0C952DBF3DD10A1D8E9D459DA7AB183D.d.A1F1B4BEEF3C8FACD14D48BFB83295FA.e.88}]
Capabilities {acceptInsecureCerts: false, browserName: chrome, browserVersion: 140.0.7339.210, chrome: {chromedriverVersion: 140.0.7339.207 (17230b545fd..., userDataDir: C:\Users\abira\AppData\Loca...}, fedcm:accounts: true, goog:chromeOptions: {debuggerAddress: localhost:54830}, networkConnectionEnabled: false, pageLoadStrategy: normal, platformName: windows, proxy: Proxy(), se:cdp: ws://localhost:54830/devtoo..., se:cdpVersion: 140.0.7339.210, setWindowRect: true, strictFileInteractability: false, timeouts: {implicit: 0, pageLoad: 300000, script: 30000}, unhandledPromptBehavior: dismiss and notify, webauthn:extension:credBlob: true, webauthn:extension:largeBlob: true, webauthn:extension:minPinLength: true, webauthn:extension:prf: true, webauthn:virtualAuthenticators: true}
Element: [[ChromeDriver: chrome on windows (5ed676698503c5e25bf050800fe094cb)] -> xpath: //*[text()='Continue']]
Session ID: 5ed676698503c5e25bf050800fe094cb]]>
            </message>
            <full-stacktrace>
              <![CDATA[java.lang.AssertionError: Unexpected exception: element click intercepted: Element <span data-button-content="true" class="c1bmcbbj atm_9s_1ulexfb atm_mk_h2mmj6 atm_mj_glywfm dir dir-ltr">...</span> is not clickable at point (672, 282). Other element would receive the click: <span class="t1dqvypu atm_9s_1ulexfb atm_vy_1osqo2v atm_e2_1osqo2v atm_jb_uuw12j atm_2w_1egmwxu atm_k4_idpfg4 atm_uc_kn5pbq atm_2g_1as5f3p atm_k4_kb7nvz_1nos8r atm_uc_yz1f4_csw3t1 atm_k4_idpfg4_csw3t1 atm_tr_kftzq4_csw3t1 dir dir-ltr" style="background-position: calc((100 - var(--mouse-x, 0)) * 1%) calc((100 - var(--mouse-y, 0)) * 1%);"></span>
  (Session info: chrome=140.0.7339.210)
Build info: version: '4.25.0', revision: '8a8aea2337'
System info: os.name: 'Windows 11', os.arch: 'amd64', os.version: '10.0', java.version: '22.0.1'
Driver info: org.openqa.selenium.chrome.ChromeDriver
Command: [5ed676698503c5e25bf050800fe094cb, clickElement {id=f.0C952DBF3DD10A1D8E9D459DA7AB183D.d.A1F1B4BEEF3C8FACD14D48BFB83295FA.e.88}]
Capabilities {acceptInsecureCerts: false, browserName: chrome, browserVersion: 140.0.7339.210, chrome: {chromedriverVersion: 140.0.7339.207 (17230b545fd..., userDataDir: C:\Users\abira\AppData\Loca...}, fedcm:accounts: true, goog:chromeOptions: {debuggerAddress: localhost:54830}, networkConnectionEnabled: false, pageLoadStrategy: normal, platformName: windows, proxy: Proxy(), se:cdp: ws://localhost:54830/devtoo..., se:cdpVersion: 140.0.7339.210, setWindowRect: true, strictFileInteractability: false, timeouts: {implicit: 0, pageLoad: 300000, script: 30000}, unhandledPromptBehavior: dismiss and notify, webauthn:extension:credBlob: true, webauthn:extension:largeBlob: true, webauthn:extension:minPinLength: true, webauthn:extension:prf: true, webauthn:virtualAuthenticators: true}
Element: [[ChromeDriver: chrome on windows (5ed676698503c5e25bf050800fe094cb)] -> xpath: //*[text()='Continue']]
Session ID: 5ed676698503c5e25bf050800fe094cb
at org.testng.Assert.fail(Assert.java:99)
at pages.LoginPage.login(LoginPage.java:77)
at tests.WebTest.testLoginFlow(WebTest.java:18)
at java.base/jdk.internal.reflect.DirectMethodHandleAccessor.invoke(DirectMethodHandleAccessor.java:103)
at java.base/java.lang.reflect.Method.invoke(Method.java:580)
at org.testng.internal.MethodInvocationHelper.invokeMethod(MethodInvocationHelper.java:133)
at org.testng.internal.TestInvoker.invokeMethod(TestInvoker.java:598)
at org.testng.internal.TestInvoker.retryFailed(TestInvoker.java:213)
at org.testng.internal.MethodRunner.runInSequence(MethodRunner.java:58)
at org.testng.internal.TestInvoker$MethodInvocationAgent.invoke(TestInvoker.java:824)
at org.testng.internal.TestInvoker.invokeTestMethods(TestInvoker.java:146)
at org.testng.internal.TestMethodWorker.invokeTestMethods(TestMethodWorker.java:146)
at org.testng.internal.TestMethodWorker.run(TestMethodWorker.java:128)
at java.base/java.util.ArrayList.forEach(ArrayList.java:1597)
at org.testng.TestRunner.privateRun(TestRunner.java:794)
at org.testng.TestRunner.run(TestRunner.java:596)
at org.testng.SuiteRunner.runTest(SuiteRunner.java:377)
at org.testng.SuiteRunner.runSequentially(SuiteRunner.java:371)
at org.testng.SuiteRunner.privateRun(SuiteRunner.java:332)
at org.testng.SuiteRunner.run(SuiteRunner.java:276)
at org.testng.SuiteRunnerWorker.runSuite(SuiteRunnerWorker.java:53)
at org.testng.SuiteRunnerWorker.run(SuiteRunnerWorker.java:96)
at org.testng.TestNG.runSuitesSequentially(TestNG.java:1212)
at org.testng.TestNG.runSuitesLocally(TestNG.java:1134)
at org.testng.TestNG.runSuites(TestNG.java:1063)
at org.testng.TestNG.run(TestNG.java:1031)
at org.testng.remote.AbstractRemoteTestNG.run(AbstractRemoteTestNG.java:115)
at org.testng.remote.RemoteTestNG.initAndRun(RemoteTestNG.java:293)
at org.testng.remote.RemoteTestNG.main(RemoteTestNG.java:91)
]]>
            </full-stacktrace>
          </exception> <!-- java.lang.AssertionError -->
          <reporter-output>
          </reporter-output>
        </test-method> <!-- testLoginFlow -->
        <test-method is-config="true" signature="setup()[pri:0, instance:tests.WebTest@3cebbb30]" started-at="2025-10-12T23:48:10 IST" name="setup" finished-at="2025-10-12T23:48:49 IST" duration-ms="39441" status="PASS">
          <reporter-output>
          </reporter-output>
        </test-method> <!-- setup -->
        <test-method signature="testLoginFlow()[pri:0, instance:tests.WebTest@3cebbb30]" started-at="2025-10-12T23:48:49 IST" name="testLoginFlow" finished-at="2025-10-12T23:50:32 IST" duration-ms="102584" status="FAIL">
          <exception class="java.lang.AssertionError">
            <message>
              <![CDATA[Unexpected exception: element click intercepted: Element <span data-button-content="true" class="c1bmcbbj atm_9s_1ulexfb atm_mk_h2mmj6 atm_mj_glywfm dir dir-ltr">...</span> is not clickable at point (672, 282). Other element would receive the click: <span class="t1dqvypu atm_9s_1ulexfb atm_vy_1osqo2v atm_e2_1osqo2v atm_jb_uuw12j atm_2w_1egmwxu atm_k4_idpfg4 atm_uc_kn5pbq atm_2g_1as5f3p atm_k4_kb7nvz_1nos8r atm_uc_yz1f4_csw3t1 atm_k4_idpfg4_csw3t1 atm_tr_kftzq4_csw3t1 dir dir-ltr" style="background-position: calc((100 - var(--mouse-x, 0)) * 1%) calc((100 - var(--mouse-y, 0)) * 1%);"></span>
  (Session info: chrome=140.0.7339.210)
Build info: version: '4.25.0', revision: '8a8aea2337'
System info: os.name: 'Windows 11', os.arch: 'amd64', os.version: '10.0', java.version: '22.0.1'
Driver info: org.openqa.selenium.chrome.ChromeDriver
Command: [34fbdb2b1e5a42696f665ccc5ce7503d, clickElement {id=f.164FC0EB5A57EFA6EFFBB72BB4F5478C.d.9D6E77A2CA1502A85DC2B9E79AED4345.e.89}]
Capabilities {acceptInsecureCerts: false, browserName: chrome, browserVersion: 140.0.7339.210, chrome: {chromedriverVersion: 140.0.7339.207 (17230b545fd..., userDataDir: C:\Users\abira\AppData\Loca...}, fedcm:accounts: true, goog:chromeOptions: {debuggerAddress: localhost:58413}, networkConnectionEnabled: false, pageLoadStrategy: normal, platformName: windows, proxy: Proxy(), se:cdp: ws://localhost:58413/devtoo..., se:cdpVersion: 140.0.7339.210, setWindowRect: true, strictFileInteractability: false, timeouts: {implicit: 0, pageLoad: 300000, script: 30000}, unhandledPromptBehavior: dismiss and notify, webauthn:extension:credBlob: true, webauthn:extension:largeBlob: true, webauthn:extension:minPinLength: true, webauthn:extension:prf: true, webauthn:virtualAuthenticators: true}
Element: [[ChromeDriver: chrome on windows (34fbdb2b1e5a42696f665ccc5ce7503d)] -> xpath: //*[text()='Continue']]
Session ID: 34fbdb2b1e5a42696f665ccc5ce7503d]]>
            </message>
            <full-stacktrace>
              <![CDATA[java.lang.AssertionError: Unexpected exception: element click intercepted: Element <span data-button-content="true" class="c1bmcbbj atm_9s_1ulexfb atm_mk_h2mmj6 atm_mj_glywfm dir dir-ltr">...</span> is not clickable at point (672, 282). Other element would receive the click: <span class="t1dqvypu atm_9s_1ulexfb atm_vy_1osqo2v atm_e2_1osqo2v atm_jb_uuw12j atm_2w_1egmwxu atm_k4_idpfg4 atm_uc_kn5pbq atm_2g_1as5f3p atm_k4_kb7nvz_1nos8r atm_uc_yz1f4_csw3t1 atm_k4_idpfg4_csw3t1 atm_tr_kftzq4_csw3t1 dir dir-ltr" style="background-position: calc((100 - var(--mouse-x, 0)) * 1%) calc((100 - var(--mouse-y, 0)) * 1%);"></span>
  (Session info: chrome=140.0.7339.210)
Build info: version: '4.25.0', revision: '8a8aea2337'
System info: os.name: 'Windows 11', os.arch: 'amd64', os.version: '10.0', java.version: '22.0.1'
Driver info: org.openqa.selenium.chrome.ChromeDriver
Command: [34fbdb2b1e5a42696f665ccc5ce7503d, clickElement {id=f.164FC0EB5A57EFA6EFFBB72BB4F5478C.d.9D6E77A2CA1502A85DC2B9E79AED4345.e.89}]
Capabilities {acceptInsecureCerts: false, browserName: chrome, browserVersion: 140.0.7339.210, chrome: {chromedriverVersion: 140.0.7339.207 (17230b545fd..., userDataDir: C:\Users\abira\AppData\Loca...}, fedcm:accounts: true, goog:chromeOptions: {debuggerAddress: localhost:58413}, networkConnectionEnabled: false, pageLoadStrategy: normal, platformName: windows, proxy: Proxy(), se:cdp: ws://localhost:58413/devtoo..., se:cdpVersion: 140.0.7339.210, setWindowRect: true, strictFileInteractability: false, timeouts: {implicit: 0, pageLoad: 300000, script: 30000}, unhandledPromptBehavior: dismiss and notify, webauthn:extension:credBlob: true, webauthn:extension:largeBlob: true, webauthn:extension:minPinLength: true, webauthn:extension:prf: true, webauthn:virtualAuthenticators: true}
Element: [[ChromeDriver: chrome on windows (34fbdb2b1e5a42696f665ccc5ce7503d)] -> xpath: //*[text()='Continue']]
Session ID: 34fbdb2b1e5a42696f665ccc5ce7503d
at org.testng.Assert.fail(Assert.java:99)
at pages.LoginPage.login(LoginPage.java:77)
at tests.WebTest.testLoginFlow(WebTest.java:18)
at java.base/jdk.internal.reflect.DirectMethodHandleAccessor.invoke(DirectMethodHandleAccessor.java:103)
at java.base/java.lang.reflect.Method.invoke(Method.java:580)
at org.testng.internal.MethodInvocationHelper.invokeMethod(MethodInvocationHelper.java:133)
at org.testng.internal.TestInvoker.invokeMethod(TestInvoker.java:598)
at org.testng.internal.TestInvoker.retryFailed(TestInvoker.java:213)
at org.testng.internal.MethodRunner.runInSequence(MethodRunner.java:58)
at org.testng.internal.TestInvoker$MethodInvocationAgent.invoke(TestInvoker.java:824)
at org.testng.internal.TestInvoker.invokeTestMethods(TestInvoker.java:146)
at org.testng.internal.TestMethodWorker.invokeTestMethods(TestMethodWorker.java:146)
at org.testng.internal.TestMethodWorker.run(TestMethodWorker.java:128)
at java.base/java.util.ArrayList.forEach(ArrayList.java:1597)
at org.testng.TestRunner.privateRun(TestRunner.java:794)
at org.testng.TestRunner.run(TestRunner.java:596)
at org.testng.SuiteRunner.runTest(SuiteRunner.java:377)
at org.testng.SuiteRunner.runSequentially(SuiteRunner.java:371)
at org.testng.SuiteRunner.privateRun(SuiteRunner.java:332)
at org.testng.SuiteRunner.run(SuiteRunner.java:276)
at org.testng.SuiteRunnerWorker.runSuite(SuiteRunnerWorker.java:53)
at org.testng.SuiteRunnerWorker.run(SuiteRunnerWorker.java:96)
at org.testng.TestNG.runSuitesSequentially(TestNG.java:1212)
at org.testng.TestNG.runSuitesLocally(TestNG.java:1134)
at org.testng.TestNG.runSuites(TestNG.java:1063)
at org.testng.TestNG.run(TestNG.java:1031)
at org.testng.remote.AbstractRemoteTestNG.run(AbstractRemoteTestNG.java:115)
at org.testng.remote.RemoteTestNG.initAndRun(RemoteTestNG.java:293)
at org.testng.remote.RemoteTestNG.main(RemoteTestNG.java:91)
]]>
            </full-stacktrace>
          </exception> <!-- java.lang.AssertionError -->
          <reporter-output>
          </reporter-output>
        </test-method> <!-- testLoginFlow -->
      </class> <!-- tests.WebTest -->
    </test> <!-- Default test -->
  </suite> <!-- Default suite -->
</testng-results>
