<?xml version="1.0" encoding="UTF-8"?>
<!-- Generated by org.testng.reporters.JUnitReportReporter -->
<testsuite hostname="LAPTOP-DBN8FBLG" failures="1" tests="3" name="tests.WebTest" time="210.016" errors="0" timestamp="2025-10-12T23:50:34 IST" skipped="2">
  <testcase classname="tests.WebTest" name="testLoginFlow" time="62.981">
    <skipped/>
  </testcase> <!-- testLoginFlow -->
  <system-out/>
  <testcase classname="tests.WebTest" name="testLoginFlow" time="27.849">
    <skipped/>
  </testcase> <!-- testLoginFlow -->
  <system-out/>
  <testcase classname="tests.WebTest" name="testLoginFlow" time="119.186">
    <failure message="Unexpected exception: element click intercepted: Element &lt;span data-button-content=&quot;true&quot; class=&quot;c1bmcbbj atm_9s_1ulexfb atm_mk_h2mmj6 atm_mj_glywfm dir dir-ltr&quot;&gt;...&lt;/span&gt; is not clickable at point (672, 282). Other element would receive the click: &lt;span class=&quot;t1dqvypu atm_9s_1ulexfb atm_vy_1osqo2v atm_e2_1osqo2v atm_jb_uuw12j atm_2w_1egmwxu atm_k4_idpfg4 atm_uc_kn5pbq atm_2g_1as5f3p atm_k4_kb7nvz_1nos8r atm_uc_yz1f4_csw3t1 atm_k4_idpfg4_csw3t1 atm_tr_kftzq4_csw3t1 dir dir-ltr&quot; style=&quot;background-position: calc((100 - var(--mouse-x, 0)) * 1%) calc((100 - var(--mouse-y, 0)) * 1%);&quot;&gt;&lt;/span&gt;
  (Session info: chrome=140.0.7339.210)
Build info: version: &#039;4.25.0&#039;, revision: &#039;8a8aea2337&#039;
System info: os.name: &#039;Windows 11&#039;, os.arch: &#039;amd64&#039;, os.version: &#039;10.0&#039;, java.version: &#039;22.0.1&#039;
Driver info: org.openqa.selenium.chrome.ChromeDriver
Command: [34fbdb2b1e5a42696f665ccc5ce7503d, clickElement {id=f.164FC0EB5A57EFA6EFFBB72BB4F5478C.d.9D6E77A2CA1502A85DC2B9E79AED4345.e.89}]
Capabilities {acceptInsecureCerts: false, browserName: chrome, browserVersion: 140.0.7339.210, chrome: {chromedriverVersion: 140.0.7339.207 (17230b545fd..., userDataDir: C:\Users\abira\AppData\Loca...}, fedcm:accounts: true, goog:chromeOptions: {debuggerAddress: localhost:58413}, networkConnectionEnabled: false, pageLoadStrategy: normal, platformName: windows, proxy: Proxy(), se:cdp: ws://localhost:58413/devtoo..., se:cdpVersion: 140.0.7339.210, setWindowRect: true, strictFileInteractability: false, timeouts: {implicit: 0, pageLoad: 300000, script: 30000}, unhandledPromptBehavior: dismiss and notify, webauthn:extension:credBlob: true, webauthn:extension:largeBlob: true, webauthn:extension:minPinLength: true, webauthn:extension:prf: true, webauthn:virtualAuthenticators: true}
Element: [[ChromeDriver: chrome on windows (34fbdb2b1e5a42696f665ccc5ce7503d)] -&gt; xpath: //*[text()=&#039;Continue&#039;]]
Session ID: 34fbdb2b1e5a42696f665ccc5ce7503d" type="java.lang.AssertionError">
      <![CDATA[java.lang.AssertionError: Unexpected exception: element click intercepted: Element <span data-button-content="true" class="c1bmcbbj atm_9s_1ulexfb atm_mk_h2mmj6 atm_mj_glywfm dir dir-ltr">...</span> is not clickable at point (672, 282). Other element would receive the click: <span class="t1dqvypu atm_9s_1ulexfb atm_vy_1osqo2v atm_e2_1osqo2v atm_jb_uuw12j atm_2w_1egmwxu atm_k4_idpfg4 atm_uc_kn5pbq atm_2g_1as5f3p atm_k4_kb7nvz_1nos8r atm_uc_yz1f4_csw3t1 atm_k4_idpfg4_csw3t1 atm_tr_kftzq4_csw3t1 dir dir-ltr" style="background-position: calc((100 - var(--mouse-x, 0)) * 1%) calc((100 - var(--mouse-y, 0)) * 1%);"></span>
  (Session info: chrome=140.0.7339.210)
Build info: version: '4.25.0', revision: '8a8aea2337'
System info: os.name: 'Windows 11', os.arch: 'amd64', os.version: '10.0', java.version: '22.0.1'
Driver info: org.openqa.selenium.chrome.ChromeDriver
Command: [34fbdb2b1e5a42696f665ccc5ce7503d, clickElement {id=f.164FC0EB5A57EFA6EFFBB72BB4F5478C.d.9D6E77A2CA1502A85DC2B9E79AED4345.e.89}]
Capabilities {acceptInsecureCerts: false, browserName: chrome, browserVersion: 140.0.7339.210, chrome: {chromedriverVersion: 140.0.7339.207 (17230b545fd..., userDataDir: C:\Users\abira\AppData\Loca...}, fedcm:accounts: true, goog:chromeOptions: {debuggerAddress: localhost:58413}, networkConnectionEnabled: false, pageLoadStrategy: normal, platformName: windows, proxy: Proxy(), se:cdp: ws://localhost:58413/devtoo..., se:cdpVersion: 140.0.7339.210, setWindowRect: true, strictFileInteractability: false, timeouts: {implicit: 0, pageLoad: 300000, script: 30000}, unhandledPromptBehavior: dismiss and notify, webauthn:extension:credBlob: true, webauthn:extension:largeBlob: true, webauthn:extension:minPinLength: true, webauthn:extension:prf: true, webauthn:virtualAuthenticators: true}
Element: [[ChromeDriver: chrome on windows (34fbdb2b1e5a42696f665ccc5ce7503d)] -> xpath: //*[text()='Continue']]
Session ID: 34fbdb2b1e5a42696f665ccc5ce7503d
at org.testng.Assert.fail(Assert.java:99)
at pages.LoginPage.login(LoginPage.java:77)
at tests.WebTest.testLoginFlow(WebTest.java:18)
at java.base/jdk.internal.reflect.DirectMethodHandleAccessor.invoke(DirectMethodHandleAccessor.java:103)
at java.base/java.lang.reflect.Method.invoke(Method.java:580)
at org.testng.internal.MethodInvocationHelper.invokeMethod(MethodInvocationHelper.java:133)
at org.testng.internal.TestInvoker.invokeMethod(TestInvoker.java:598)
at org.testng.internal.TestInvoker.retryFailed(TestInvoker.java:213)
at org.testng.internal.MethodRunner.runInSequence(MethodRunner.java:58)
at org.testng.internal.TestInvoker$MethodInvocationAgent.invoke(TestInvoker.java:824)
at org.testng.internal.TestInvoker.invokeTestMethods(TestInvoker.java:146)
at org.testng.internal.TestMethodWorker.invokeTestMethods(TestMethodWorker.java:146)
at org.testng.internal.TestMethodWorker.run(TestMethodWorker.java:128)
at java.base/java.util.ArrayList.forEach(ArrayList.java:1597)
at org.testng.TestRunner.privateRun(TestRunner.java:794)
at org.testng.TestRunner.run(TestRunner.java:596)
at org.testng.SuiteRunner.runTest(SuiteRunner.java:377)
at org.testng.SuiteRunner.runSequentially(SuiteRunner.java:371)
at org.testng.SuiteRunner.privateRun(SuiteRunner.java:332)
at org.testng.SuiteRunner.run(SuiteRunner.java:276)
at org.testng.SuiteRunnerWorker.runSuite(SuiteRunnerWorker.java:53)
at org.testng.SuiteRunnerWorker.run(SuiteRunnerWorker.java:96)
at org.testng.TestNG.runSuitesSequentially(TestNG.java:1212)
at org.testng.TestNG.runSuitesLocally(TestNG.java:1134)
at org.testng.TestNG.runSuites(TestNG.java:1063)
at org.testng.TestNG.run(TestNG.java:1031)
at org.testng.remote.AbstractRemoteTestNG.run(AbstractRemoteTestNG.java:115)
at org.testng.remote.RemoteTestNG.initAndRun(RemoteTestNG.java:293)
at org.testng.remote.RemoteTestNG.main(RemoteTestNG.java:91)
]]>
    </failure>
  </testcase> <!-- testLoginFlow -->
  <system-out/>
</testsuite> <!-- tests.WebTest -->
